#
# There is insufficient memory for the Java Runtime Environment to continue.
# Native memory allocation (malloc) failed to allocate 1341616 bytes for Chunk::new
# Possible reasons:
#   The system is out of physical RAM or swap space
#   The process is running with CompressedOops enabled, and the Java Heap may be blocking the growth of the native heap
# Possible solutions:
#   Reduce memory load on the system
#   Increase physical memory or swap space
#   Check if swap backing store is full
#   Decrease Java heap size (-Xmx/-Xms)
#   Decrease number of Java threads
#   Decrease Java thread stack sizes (-Xss)
#   Set larger code cache with -XX:ReservedCodeCacheSize=
#   JVM is running with Unscaled Compressed Oops mode in which the Java heap is
#     placed in the first 4GB address space. The Java Heap base address is the
#     maximum limit for the native heap growth. Please use -XX:HeapBaseMinAddress
#     to set the Java Heap base and to place the Java Heap above 4GB virtual address.
# This output file may be truncated or incomplete.
#
#  Out of Memory Error (./open/src/hotspot/share/memory/arena.cpp:197), pid=5504, tid=20972
#
# JRE version: Java(TM) SE Runtime Environment 18.9 (11.0.16.1+1) (build 11.0.16.1+1-LTS-1)
# Java VM: Java HotSpot(TM) 64-Bit Server VM 18.9 (11.0.16.1+1-LTS-1, mixed mode, tiered, compressed oops, g1 gc, windows-amd64)
# No core dump will be written. Minidumps are not enabled by default on client versions of Windows
#

---------------  S U M M A R Y ------------

Command Line: org.jetbrains.kotlin.cli.jvm.K2JVMCompiler @C:\workspacing\FPT_Polytechnic\FJob\node_modules\react-native-screens\android\build\20230602_4510602226312198451.compiler.options

Host: Intel(R) Core(TM) i5-10300H CPU @ 2.50GHz, 8 cores, 7G,  Windows 10 , 64 bit Build 19041 (10.0.19041.2913)
Time: Fri Jun  2 01:17:42 2023 SE Asia Standard Time elapsed time: 5.591207 seconds (0d 0h 0m 5s)

---------------  T H R E A D  ---------------

Current thread (0x000002c52558c000):  JavaThread "C2 CompilerThread0" daemon [_thread_in_native, id=20972, stack(0x000000ff93300000,0x000000ff93400000)]


Current CompileTask:
C2:   5591 2016   !   4       jdk.internal.loader.BuiltinClassLoader::loadClassOrNull (143 bytes)

Stack: [0x000000ff93300000,0x000000ff93400000]
Native frames: (J=compiled Java code, j=interpreted, Vv=VM code, C=native code)
V  [jvm.dll+0x62a3da]
V  [jvm.dll+0x76407f]
V  [jvm.dll+0x765729]
V  [jvm.dll+0x765db3]
V  [jvm.dll+0x23dc18]
V  [jvm.dll+0xb2a1c]
V  [jvm.dll+0xb2fdc]
V  [jvm.dll+0x2ae994]
V  [jvm.dll+0x53d98b]
V  [jvm.dll+0x200a07]
V  [jvm.dll+0x1fa79a]
V  [jvm.dll+0x1f774d]
V  [jvm.dll+0x177c81]
V  [jvm.dll+0x207186]
V  [jvm.dll+0x20531b]
V  [jvm.dll+0x729f60]
V  [jvm.dll+0x722b34]
V  [jvm.dll+0x629276]
C  [ucrtbase.dll+0x21bb2]
C  [KERNEL32.DLL+0x17614]
C  [ntdll.dll+0x526a1]


---------------  P R O C E S S  ---------------

Threads class SMR info:
_java_thread_list=0x000002c526041060, length=10, elements={
0x000002c507676800, 0x000002c52556c000, 0x000002c52556d800, 0x000002c525586000,
0x000002c525588000, 0x000002c525589000, 0x000002c52558c000, 0x000002c52558e000,
0x000002c525592000, 0x000002c526057000
}

Java Threads: ( => current thread )
  0x000002c507676800 JavaThread "main" [_thread_in_vm, id=7500, stack(0x000000ff92700000,0x000000ff92800000)]
  0x000002c52556c000 JavaThread "Reference Handler" daemon [_thread_blocked, id=15804, stack(0x000000ff92e00000,0x000000ff92f00000)]
  0x000002c52556d800 JavaThread "Finalizer" daemon [_thread_blocked, id=9620, stack(0x000000ff92f00000,0x000000ff93000000)]
  0x000002c525586000 JavaThread "Signal Dispatcher" daemon [_thread_blocked, id=21740, stack(0x000000ff93000000,0x000000ff93100000)]
  0x000002c525588000 JavaThread "Attach Listener" daemon [_thread_blocked, id=20468, stack(0x000000ff93100000,0x000000ff93200000)]
  0x000002c525589000 JavaThread "Service Thread" daemon [_thread_blocked, id=11700, stack(0x000000ff93200000,0x000000ff93300000)]
=>0x000002c52558c000 JavaThread "C2 CompilerThread0" daemon [_thread_in_native, id=20972, stack(0x000000ff93300000,0x000000ff93400000)]
  0x000002c52558e000 JavaThread "C1 CompilerThread0" daemon [_thread_in_native, id=18548, stack(0x000000ff93400000,0x000000ff93500000)]
  0x000002c525592000 JavaThread "Sweeper thread" daemon [_thread_blocked, id=8904, stack(0x000000ff93500000,0x000000ff93600000)]
  0x000002c526057000 JavaThread "Common-Cleaner" daemon [_thread_blocked, id=21816, stack(0x000000ff93700000,0x000000ff93800000)]

Other Threads:
  0x000002c525549000 VMThread "VM Thread" [stack: 0x000000ff92d00000,0x000000ff92e00000] [id=17236]
  0x000002c52604f000 WatcherThread [stack: 0x000000ff93600000,0x000000ff93700000] [id=10676]
  0x000002c50768a800 GCTaskThread "GC Thread#0" [stack: 0x000000ff92800000,0x000000ff92900000] [id=19228]
  0x000002c5264e0800 GCTaskThread "GC Thread#1" [stack: 0x000000ff93800000,0x000000ff93900000] [id=14956]
  0x000002c5264e1000 GCTaskThread "GC Thread#2" [stack: 0x000000ff93900000,0x000000ff93a00000] [id=9524]
  0x000002c5076b9800 ConcurrentGCThread "G1 Main Marker" [stack: 0x000000ff92900000,0x000000ff92a00000] [id=18380]
  0x000002c5076bf000 ConcurrentGCThread "G1 Conc#0" [stack: 0x000000ff92a00000,0x000000ff92b00000] [id=12400]
  0x000002c5264da800 ConcurrentGCThread "G1 Conc#1" [stack: 0x000000ff93a00000,0x000000ff93b00000] [id=3676]
  0x000002c50774e800 ConcurrentGCThread "G1 Refine#0" [stack: 0x000000ff92b00000,0x000000ff92c00000] [id=9104]
  0x000002c5253b1800 ConcurrentGCThread "G1 Young RemSet Sampling" [stack: 0x000000ff92c00000,0x000000ff92d00000] [id=21416]

Threads with active compile tasks:
C2 CompilerThread0     5610 2016   !   4       jdk.internal.loader.BuiltinClassLoader::loadClassOrNull (143 bytes)
C1 CompilerThread0     5610 2041       3       jdk.internal.org.objectweb.asm.MethodWriter::put (1602 bytes)

VM state:not at safepoint (normal execution)

VM Mutex/Monitor currently owned by a thread: None

Heap address: 0x0000000082000000, size: 2016 MB, Compressed Oops mode: 32-bit
Narrow klass base: 0x0000000000000000, Narrow klass shift: 3
Compressed class space size: 1073741824 Address: 0x0000000100000000

Heap:
 garbage-first heap   total 129024K, used 29815K [0x0000000082000000, 0x0000000100000000)
  region size 1024K, 25 young (25600K), 7 survivors (7168K)
 Metaspace       used 26364K, capacity 26684K, committed 26800K, reserved 1073152K
  class space    used 2857K, capacity 2999K, committed 3072K, reserved 1048576K
Heap Regions: E=young(eden), S=young(survivor), O=old, HS=humongous(starts), HC=humongous(continues), CS=collection set, F=free, A=archive, TAMS=top-at-mark-start (previous, next)
|   0|0x0000000082000000, 0x0000000082100000, 0x0000000082100000|100%|HS|  |TAMS 0x0000000082100000, 0x0000000082000000| Complete 
|   1|0x0000000082100000, 0x0000000082200000, 0x0000000082200000|100%|HC|  |TAMS 0x0000000082200000, 0x0000000082100000| Complete 
|   2|0x0000000082200000, 0x0000000082300000, 0x0000000082300000|100%|HC|  |TAMS 0x0000000082300000, 0x0000000082200000| Complete 
|   3|0x0000000082300000, 0x0000000082400000, 0x0000000082400000|100%|HS|  |TAMS 0x0000000082300000, 0x0000000082300000| Complete 
|   4|0x0000000082400000, 0x0000000082500000, 0x0000000082500000|100%|HC|  |TAMS 0x0000000082400000, 0x0000000082400000| Complete 
|   5|0x0000000082500000, 0x0000000082600000, 0x0000000082600000|100%|HC|  |TAMS 0x0000000082500000, 0x0000000082500000| Complete 
|   6|0x0000000082600000, 0x0000000082600000, 0x0000000082700000|  0%| F|  |TAMS 0x0000000082600000, 0x0000000082600000| Untracked 
|   7|0x0000000082700000, 0x0000000082700000, 0x0000000082800000|  0%| F|  |TAMS 0x0000000082700000, 0x0000000082700000| Untracked 
|   8|0x0000000082800000, 0x0000000082800000, 0x0000000082900000|  0%| F|  |TAMS 0x0000000082800000, 0x0000000082800000| Untracked 
|   9|0x0000000082900000, 0x0000000082900000, 0x0000000082a00000|  0%| F|  |TAMS 0x0000000082900000, 0x0000000082900000| Untracked 
|  10|0x0000000082a00000, 0x0000000082a00000, 0x0000000082b00000|  0%| F|  |TAMS 0x0000000082a00000, 0x0000000082a00000| Untracked 
|  11|0x0000000082b00000, 0x0000000082b00000, 0x0000000082c00000|  0%| F|  |TAMS 0x0000000082b00000, 0x0000000082b00000| Untracked 
|  12|0x0000000082c00000, 0x0000000082c00000, 0x0000000082d00000|  0%| F|  |TAMS 0x0000000082c00000, 0x0000000082c00000| Untracked 
|  13|0x0000000082d00000, 0x0000000082d00000, 0x0000000082e00000|  0%| F|  |TAMS 0x0000000082d00000, 0x0000000082d00000| Untracked 
|  14|0x0000000082e00000, 0x0000000082e00000, 0x0000000082f00000|  0%| F|  |TAMS 0x0000000082e00000, 0x0000000082e00000| Untracked 
|  15|0x0000000082f00000, 0x0000000082f00000, 0x0000000083000000|  0%| F|  |TAMS 0x0000000082f00000, 0x0000000082f00000| Untracked 
|  16|0x0000000083000000, 0x0000000083000000, 0x0000000083100000|  0%| F|  |TAMS 0x0000000083000000, 0x0000000083000000| Untracked 
|  17|0x0000000083100000, 0x0000000083100000, 0x0000000083200000|  0%| F|  |TAMS 0x0000000083100000, 0x0000000083100000| Untracked 
|  18|0x0000000083200000, 0x0000000083200000, 0x0000000083300000|  0%| F|  |TAMS 0x0000000083200000, 0x0000000083200000| Untracked 
|  19|0x0000000083300000, 0x0000000083300000, 0x0000000083400000|  0%| F|  |TAMS 0x0000000083300000, 0x0000000083300000| Untracked 
|  20|0x0000000083400000, 0x0000000083400000, 0x0000000083500000|  0%| F|  |TAMS 0x0000000083400000, 0x0000000083400000| Untracked 
|  21|0x0000000083500000, 0x0000000083500000, 0x0000000083600000|  0%| F|  |TAMS 0x0000000083500000, 0x0000000083500000| Untracked 
|  22|0x0000000083600000, 0x0000000083600000, 0x0000000083700000|  0%| F|  |TAMS 0x0000000083600000, 0x0000000083600000| Untracked 
|  23|0x0000000083700000, 0x0000000083700000, 0x0000000083800000|  0%| F|  |TAMS 0x0000000083700000, 0x0000000083700000| Untracked 
|  24|0x0000000083800000, 0x0000000083800000, 0x0000000083900000|  0%| F|  |TAMS 0x0000000083800000, 0x0000000083800000| Untracked 
|  25|0x0000000083900000, 0x0000000083900000, 0x0000000083a00000|  0%| F|  |TAMS 0x0000000083900000, 0x0000000083900000| Untracked 
|  26|0x0000000083a00000, 0x0000000083a00000, 0x0000000083b00000|  0%| F|  |TAMS 0x0000000083a00000, 0x0000000083a00000| Untracked 
|  27|0x0000000083b00000, 0x0000000083b00000, 0x0000000083c00000|  0%| F|  |TAMS 0x0000000083b00000, 0x0000000083b00000| Untracked 
|  28|0x0000000083c00000, 0x0000000083c00000, 0x0000000083d00000|  0%| F|  |TAMS 0x0000000083c00000, 0x0000000083c00000| Untracked 
|  29|0x0000000083d00000, 0x0000000083d00000, 0x0000000083e00000|  0%| F|  |TAMS 0x0000000083d00000, 0x0000000083d00000| Untracked 
|  30|0x0000000083e00000, 0x0000000083e00000, 0x0000000083f00000|  0%| F|  |TAMS 0x0000000083e00000, 0x0000000083e00000| Untracked 
|  31|0x0000000083f00000, 0x0000000083f00000, 0x0000000084000000|  0%| F|  |TAMS 0x0000000083f00000, 0x0000000083f00000| Untracked 
|  32|0x0000000084000000, 0x0000000084000000, 0x0000000084100000|  0%| F|  |TAMS 0x0000000084000000, 0x0000000084000000| Untracked 
|  33|0x0000000084100000, 0x0000000084100000, 0x0000000084200000|  0%| F|  |TAMS 0x0000000084100000, 0x0000000084100000| Untracked 
|  34|0x0000000084200000, 0x0000000084200000, 0x0000000084300000|  0%| F|  |TAMS 0x0000000084200000, 0x0000000084200000| Untracked 
|  35|0x0000000084300000, 0x0000000084300000, 0x0000000084400000|  0%| F|  |TAMS 0x0000000084300000, 0x0000000084300000| Untracked 
|  36|0x0000000084400000, 0x0000000084400000, 0x0000000084500000|  0%| F|  |TAMS 0x0000000084400000, 0x0000000084400000| Untracked 
|  37|0x0000000084500000, 0x0000000084500000, 0x0000000084600000|  0%| F|  |TAMS 0x0000000084500000, 0x0000000084500000| Untracked 
|  38|0x0000000084600000, 0x0000000084600000, 0x0000000084700000|  0%| F|  |TAMS 0x0000000084600000, 0x0000000084600000| Untracked 
|  39|0x0000000084700000, 0x0000000084700000, 0x0000000084800000|  0%| F|  |TAMS 0x0000000084700000, 0x0000000084700000| Untracked 
|  40|0x0000000084800000, 0x0000000084800000, 0x0000000084900000|  0%| F|  |TAMS 0x0000000084800000, 0x0000000084800000| Untracked 
|  41|0x0000000084900000, 0x0000000084900000, 0x0000000084a00000|  0%| F|  |TAMS 0x0000000084900000, 0x0000000084900000| Untracked 
|  42|0x0000000084a00000, 0x0000000084a00000, 0x0000000084b00000|  0%| F|  |TAMS 0x0000000084a00000, 0x0000000084a00000| Untracked 
|  43|0x0000000084b00000, 0x0000000084b00000, 0x0000000084c00000|  0%| F|  |TAMS 0x0000000084b00000, 0x0000000084b00000| Untracked 
|  44|0x0000000084c00000, 0x0000000084c00000, 0x0000000084d00000|  0%| F|  |TAMS 0x0000000084c00000, 0x0000000084c00000| Untracked 
|  45|0x0000000084d00000, 0x0000000084d00000, 0x0000000084e00000|  0%| F|  |TAMS 0x0000000084d00000, 0x0000000084d00000| Untracked 
|  46|0x0000000084e00000, 0x0000000084e00000, 0x0000000084f00000|  0%| F|  |TAMS 0x0000000084e00000, 0x0000000084e00000| Untracked 
|  47|0x0000000084f00000, 0x0000000084f00000, 0x0000000085000000|  0%| F|  |TAMS 0x0000000084f00000, 0x0000000084f00000| Untracked 
|  48|0x0000000085000000, 0x0000000085000000, 0x0000000085100000|  0%| F|  |TAMS 0x0000000085000000, 0x0000000085000000| Untracked 
|  49|0x0000000085100000, 0x0000000085100000, 0x0000000085200000|  0%| F|  |TAMS 0x0000000085100000, 0x0000000085100000| Untracked 
|  50|0x0000000085200000, 0x0000000085200000, 0x0000000085300000|  0%| F|  |TAMS 0x0000000085200000, 0x0000000085200000| Untracked 
|  51|0x0000000085300000, 0x0000000085300000, 0x0000000085400000|  0%| F|  |TAMS 0x0000000085300000, 0x0000000085300000| Untracked 
|  52|0x0000000085400000, 0x0000000085400000, 0x0000000085500000|  0%| F|  |TAMS 0x0000000085400000, 0x0000000085400000| Untracked 
|  53|0x0000000085500000, 0x0000000085500000, 0x0000000085600000|  0%| F|  |TAMS 0x0000000085500000, 0x0000000085500000| Untracked 
|  54|0x0000000085600000, 0x0000000085600000, 0x0000000085700000|  0%| F|  |TAMS 0x0000000085600000, 0x0000000085600000| Untracked 
|  55|0x0000000085700000, 0x0000000085700000, 0x0000000085800000|  0%| F|  |TAMS 0x0000000085700000, 0x0000000085700000| Untracked 
|  56|0x0000000085800000, 0x0000000085800000, 0x0000000085900000|  0%| F|  |TAMS 0x0000000085800000, 0x0000000085800000| Untracked 
|  57|0x0000000085900000, 0x0000000085900000, 0x0000000085a00000|  0%| F|  |TAMS 0x0000000085900000, 0x0000000085900000| Untracked 
|  58|0x0000000085a00000, 0x0000000085a00000, 0x0000000085b00000|  0%| F|  |TAMS 0x0000000085a00000, 0x0000000085a00000| Untracked 
|  59|0x0000000085b00000, 0x0000000085b00000, 0x0000000085c00000|  0%| F|  |TAMS 0x0000000085b00000, 0x0000000085b00000| Untracked 
|  60|0x0000000085c00000, 0x0000000085c00000, 0x0000000085d00000|  0%| F|  |TAMS 0x0000000085c00000, 0x0000000085c00000| Untracked 
|  61|0x0000000085d00000, 0x0000000085d00000, 0x0000000085e00000|  0%| F|  |TAMS 0x0000000085d00000, 0x0000000085d00000| Untracked 
|  62|0x0000000085e00000, 0x0000000085e00000, 0x0000000085f00000|  0%| F|  |TAMS 0x0000000085e00000, 0x0000000085e00000| Untracked 
|  63|0x0000000085f00000, 0x0000000085f00000, 0x0000000086000000|  0%| F|  |TAMS 0x0000000085f00000, 0x0000000085f00000| Untracked 
|  64|0x0000000086000000, 0x0000000086000000, 0x0000000086100000|  0%| F|  |TAMS 0x0000000086000000, 0x0000000086000000| Untracked 
|  65|0x0000000086100000, 0x0000000086100000, 0x0000000086200000|  0%| F|  |TAMS 0x0000000086100000, 0x0000000086100000| Untracked 
|  66|0x0000000086200000, 0x0000000086200000, 0x0000000086300000|  0%| F|  |TAMS 0x0000000086200000, 0x0000000086200000| Untracked 
|  67|0x0000000086300000, 0x0000000086300000, 0x0000000086400000|  0%| F|  |TAMS 0x0000000086300000, 0x0000000086300000| Untracked 
|  68|0x0000000086400000, 0x0000000086400000, 0x0000000086500000|  0%| F|  |TAMS 0x0000000086400000, 0x0000000086400000| Untracked 
|  69|0x0000000086500000, 0x0000000086500000, 0x0000000086600000|  0%| F|  |TAMS 0x0000000086500000, 0x0000000086500000| Untracked 
|  70|0x0000000086600000, 0x0000000086600000, 0x0000000086700000|  0%| F|  |TAMS 0x0000000086600000, 0x0000000086600000| Untracked 
|  71|0x0000000086700000, 0x0000000086700000, 0x0000000086800000|  0%| F|  |TAMS 0x0000000086700000, 0x0000000086700000| Untracked 
|  72|0x0000000086800000, 0x0000000086800000, 0x0000000086900000|  0%| F|  |TAMS 0x0000000086800000, 0x0000000086800000| Untracked 
|  73|0x0000000086900000, 0x0000000086900000, 0x0000000086a00000|  0%| F|  |TAMS 0x0000000086900000, 0x0000000086900000| Untracked 
|  74|0x0000000086a00000, 0x0000000086a00000, 0x0000000086b00000|  0%| F|  |TAMS 0x0000000086a00000, 0x0000000086a00000| Untracked 
|  75|0x0000000086b00000, 0x0000000086b00000, 0x0000000086c00000|  0%| F|  |TAMS 0x0000000086b00000, 0x0000000086b00000| Untracked 
|  76|0x0000000086c00000, 0x0000000086c00000, 0x0000000086d00000|  0%| F|  |TAMS 0x0000000086c00000, 0x0000000086c00000| Untracked 
|  77|0x0000000086d00000, 0x0000000086d00000, 0x0000000086e00000|  0%| F|  |TAMS 0x0000000086d00000, 0x0000000086d00000| Untracked 
|  78|0x0000000086e00000, 0x0000000086e1df58, 0x0000000086f00000| 11%| S|CS|TAMS 0x0000000086e00000, 0x0000000086e00000| Complete 
|  79|0x0000000086f00000, 0x0000000087000000, 0x0000000087000000|100%| S|CS|TAMS 0x0000000086f00000, 0x0000000086f00000| Complete 
|  80|0x0000000087000000, 0x0000000087100000, 0x0000000087100000|100%| S|CS|TAMS 0x0000000087000000, 0x0000000087000000| Complete 
|  81|0x0000000087100000, 0x0000000087200000, 0x0000000087200000|100%| S|CS|TAMS 0x0000000087100000, 0x0000000087100000| Complete 
|  82|0x0000000087200000, 0x0000000087300000, 0x0000000087300000|100%| S|CS|TAMS 0x0000000087200000, 0x0000000087200000| Complete 
|  83|0x0000000087300000, 0x0000000087400000, 0x0000000087400000|100%| S|CS|TAMS 0x0000000087300000, 0x0000000087300000| Complete 
|  84|0x0000000087400000, 0x0000000087500000, 0x0000000087500000|100%| S|CS|TAMS 0x0000000087400000, 0x0000000087400000| Complete 
|  85|0x0000000087500000, 0x0000000087500000, 0x0000000087600000|  0%| F|  |TAMS 0x0000000087500000, 0x0000000087500000| Untracked 
|  86|0x0000000087600000, 0x0000000087600000, 0x0000000087700000|  0%| F|  |TAMS 0x0000000087600000, 0x0000000087600000| Untracked 
|  87|0x0000000087700000, 0x0000000087700000, 0x0000000087800000|  0%| F|  |TAMS 0x0000000087700000, 0x0000000087700000| Untracked 
|  88|0x0000000087800000, 0x0000000087800000, 0x0000000087900000|  0%| F|  |TAMS 0x0000000087800000, 0x0000000087800000| Untracked 
|  89|0x0000000087900000, 0x0000000087900000, 0x0000000087a00000|  0%| F|  |TAMS 0x0000000087900000, 0x0000000087900000| Untracked 
|  90|0x0000000087a00000, 0x0000000087a00000, 0x0000000087b00000|  0%| F|  |TAMS 0x0000000087a00000, 0x0000000087a00000| Untracked 
|  91|0x0000000087b00000, 0x0000000087b00000, 0x0000000087c00000|  0%| F|  |TAMS 0x0000000087b00000, 0x0000000087b00000| Untracked 
|  92|0x0000000087c00000, 0x0000000087c00000, 0x0000000087d00000|  0%| F|  |TAMS 0x0000000087c00000, 0x0000000087c00000| Untracked 
|  93|0x0000000087d00000, 0x0000000087d00000, 0x0000000087e00000|  0%| F|  |TAMS 0x0000000087d00000, 0x0000000087d00000| Untracked 
|  94|0x0000000087e00000, 0x0000000087e00000, 0x0000000087f00000|  0%| F|  |TAMS 0x0000000087e00000, 0x0000000087e00000| Untracked 
|  95|0x0000000087f00000, 0x0000000087f00000, 0x0000000088000000|  0%| F|  |TAMS 0x0000000087f00000, 0x0000000087f00000| Untracked 
|  96|0x0000000088000000, 0x0000000088000000, 0x0000000088100000|  0%| F|  |TAMS 0x0000000088000000, 0x0000000088000000| Untracked 
|  97|0x0000000088100000, 0x0000000088100000, 0x0000000088200000|  0%| F|  |TAMS 0x0000000088100000, 0x0000000088100000| Untracked 
|  98|0x0000000088200000, 0x0000000088200000, 0x0000000088300000|  0%| F|  |TAMS 0x0000000088200000, 0x0000000088200000| Untracked 
|  99|0x0000000088300000, 0x0000000088300000, 0x0000000088400000|  0%| F|  |TAMS 0x0000000088300000, 0x0000000088300000| Untracked 
| 100|0x0000000088400000, 0x0000000088400000, 0x0000000088500000|  0%| F|  |TAMS 0x0000000088400000, 0x0000000088400000| Untracked 
| 101|0x0000000088500000, 0x0000000088500000, 0x0000000088600000|  0%| F|  |TAMS 0x0000000088500000, 0x0000000088500000| Untracked 
| 102|0x0000000088600000, 0x0000000088600000, 0x0000000088700000|  0%| F|  |TAMS 0x0000000088600000, 0x0000000088600000| Untracked 
| 103|0x0000000088700000, 0x0000000088700000, 0x0000000088800000|  0%| F|  |TAMS 0x0000000088700000, 0x0000000088700000| Untracked 
| 104|0x0000000088800000, 0x0000000088800000, 0x0000000088900000|  0%| F|  |TAMS 0x0000000088800000, 0x0000000088800000| Untracked 
| 105|0x0000000088900000, 0x0000000088900000, 0x0000000088a00000|  0%| F|  |TAMS 0x0000000088900000, 0x0000000088900000| Untracked 
| 106|0x0000000088a00000, 0x0000000088a00000, 0x0000000088b00000|  0%| F|  |TAMS 0x0000000088a00000, 0x0000000088a00000| Untracked 
| 107|0x0000000088b00000, 0x0000000088b00000, 0x0000000088c00000|  0%| F|  |TAMS 0x0000000088b00000, 0x0000000088b00000| Untracked 
| 108|0x0000000088c00000, 0x0000000088c80800, 0x0000000088d00000| 50%| E|  |TAMS 0x0000000088c00000, 0x0000000088c00000| Complete 
| 109|0x0000000088d00000, 0x0000000088e00000, 0x0000000088e00000|100%| E|CS|TAMS 0x0000000088d00000, 0x0000000088d00000| Complete 
| 110|0x0000000088e00000, 0x0000000088f00000, 0x0000000088f00000|100%| E|CS|TAMS 0x0000000088e00000, 0x0000000088e00000| Complete 
| 111|0x0000000088f00000, 0x0000000089000000, 0x0000000089000000|100%| E|CS|TAMS 0x0000000088f00000, 0x0000000088f00000| Complete 
| 112|0x0000000089000000, 0x0000000089100000, 0x0000000089100000|100%| E|CS|TAMS 0x0000000089000000, 0x0000000089000000| Complete 
| 113|0x0000000089100000, 0x0000000089200000, 0x0000000089200000|100%| E|CS|TAMS 0x0000000089100000, 0x0000000089100000| Complete 
| 114|0x0000000089200000, 0x0000000089300000, 0x0000000089300000|100%| E|CS|TAMS 0x0000000089200000, 0x0000000089200000| Complete 
| 115|0x0000000089300000, 0x0000000089400000, 0x0000000089400000|100%| E|CS|TAMS 0x0000000089300000, 0x0000000089300000| Complete 
| 116|0x0000000089400000, 0x0000000089500000, 0x0000000089500000|100%| E|CS|TAMS 0x0000000089400000, 0x0000000089400000| Complete 
| 117|0x0000000089500000, 0x0000000089600000, 0x0000000089600000|100%| E|CS|TAMS 0x0000000089500000, 0x0000000089500000| Complete 
| 118|0x0000000089600000, 0x0000000089700000, 0x0000000089700000|100%| E|CS|TAMS 0x0000000089600000, 0x0000000089600000| Complete 
| 119|0x0000000089700000, 0x0000000089800000, 0x0000000089800000|100%| E|CS|TAMS 0x0000000089700000, 0x0000000089700000| Complete 
| 120|0x0000000089800000, 0x0000000089900000, 0x0000000089900000|100%| E|CS|TAMS 0x0000000089800000, 0x0000000089800000| Complete 
| 121|0x0000000089900000, 0x0000000089a00000, 0x0000000089a00000|100%| E|CS|TAMS 0x0000000089900000, 0x0000000089900000| Complete 
| 122|0x0000000089a00000, 0x0000000089b00000, 0x0000000089b00000|100%| E|CS|TAMS 0x0000000089a00000, 0x0000000089a00000| Complete 
| 123|0x0000000089b00000, 0x0000000089c00000, 0x0000000089c00000|100%| E|CS|TAMS 0x0000000089b00000, 0x0000000089b00000| Complete 
| 124|0x0000000089c00000, 0x0000000089d00000, 0x0000000089d00000|100%| E|CS|TAMS 0x0000000089c00000, 0x0000000089c00000| Complete 
| 125|0x0000000089d00000, 0x0000000089e00000, 0x0000000089e00000|100%| E|CS|TAMS 0x0000000089d00000, 0x0000000089d00000| Complete 

Card table byte_map: [0x000002c51e440000,0x000002c51e830000] _byte_map_base: 0x000002c51e030000

Marking Bits (Prev, Next): (CMBitMap*) 0x000002c5076b10b0, (CMBitMap*) 0x000002c5076b1078
 Prev Bits: [0x000002c520ba0000, 0x000002c522b20000)
 Next Bits: [0x000002c51ec20000, 0x000002c520ba0000)

Polling page: 0x000002c506e50000

Metaspace:

Usage:
  Non-class:     23.13 MB capacity,    22.98 MB (>99%) used,   113.64 KB ( <1%) free+waste,    40.31 KB ( <1%) overhead. 
      Class:      2.93 MB capacity,     2.79 MB ( 95%) used,   120.70 KB (  4%) free+waste,    19.38 KB ( <1%) overhead. 
       Both:     26.06 MB capacity,    25.77 MB ( 99%) used,   234.34 KB ( <1%) free+waste,    59.69 KB ( <1%) overhead. 

Virtual space:
  Non-class space:       24.00 MB reserved,      23.42 MB ( 98%) committed 
      Class space:        1.00 GB reserved,       3.00 MB ( <1%) committed 
             Both:        1.02 GB reserved,      26.42 MB (  3%) committed 

Chunk freelists:
   Non-Class:  5.38 KB
       Class:  1.13 KB
        Both:  6.50 KB

CodeHeap 'non-profiled nmethods': size=120000Kb used=652Kb max_used=652Kb free=119347Kb
 bounds [0x000002c5167f0000, 0x000002c516a60000, 0x000002c51dd20000]
CodeHeap 'profiled nmethods': size=120000Kb used=3808Kb max_used=3808Kb free=116191Kb
 bounds [0x000002c50f2c0000, 0x000002c50f680000, 0x000002c5167f0000]
CodeHeap 'non-nmethods': size=5760Kb used=1161Kb max_used=1170Kb free=4598Kb
 bounds [0x000002c50ed20000, 0x000002c50ef90000, 0x000002c50f2c0000]
 total_blobs=2541 nmethods=2036 adapters=416
 compilation: enabled
              stopped_count=0, restarted_count=0
 full_count=0

Compilation events (10 events):
Event: 5.399 Thread 0x000002c52558e000 2026   !   3       org.jetbrains.kotlin.com.intellij.util.containers.ConcurrentIntObjectHashMap::setTabAt (32 bytes)
Event: 5.400 Thread 0x000002c52558e000 nmethod 2026 0x000002c50f672090 code [0x000002c50f6722a0, 0x000002c50f672b18]
Event: 5.400 Thread 0x000002c52558e000 2027       3       java.lang.invoke.LambdaForm$MH/0x00000001001b1040::invokeExact_MT (27 bytes)
Event: 5.400 Thread 0x000002c52558e000 nmethod 2027 0x000002c50f672d90 code [0x000002c50f672fa0, 0x000002c50f6736b8]
Event: 5.400 Thread 0x000002c52558e000 2028       3       java.lang.invoke.LambdaForm$DMH/0x0000000100184c40::invokeSpecial (20 bytes)
Event: 5.400 Thread 0x000002c52558e000 nmethod 2028 0x000002c50f673910 code [0x000002c50f673ae0, 0x000002c50f673eb8]
Event: 5.400 Thread 0x000002c52558e000 2029       3       sun.misc.Unsafe::putObjectVolatile (11 bytes)
Event: 5.400 Thread 0x000002c52558e000 nmethod 2029 0x000002c50f674010 code [0x000002c50f6741a0, 0x000002c50f6742f8]
Event: 5.400 Thread 0x000002c52558e000 2030       3       java.lang.invoke.LambdaForm$MH/0x00000001001b7840::invoke (38 bytes)
Event: 5.401 Thread 0x000002c52558e000 nmethod 2030 0x000002c50f674390 code [0x000002c50f674560, 0x000002c50f6749d8]

GC Heap History (4 events):
Event: 2.364 GC heap before
{Heap before GC invocations=0 (full 0):
 garbage-first heap   total 129024K, used 27648K [0x0000000082000000, 0x0000000100000000)
  region size 1024K, 24 young (24576K), 0 survivors (0K)
 Metaspace       used 12161K, capacity 12310K, committed 12544K, reserved 1060864K
  class space    used 1153K, capacity 1207K, committed 1280K, reserved 1048576K
}
Event: 2.389 GC heap after
{Heap after GC invocations=1 (full 0):
 garbage-first heap   total 129024K, used 5844K [0x0000000082000000, 0x0000000100000000)
  region size 1024K, 3 young (3072K), 3 survivors (3072K)
 Metaspace       used 12161K, capacity 12310K, committed 12544K, reserved 1060864K
  class space    used 1153K, capacity 1207K, committed 1280K, reserved 1048576K
}
Event: 4.400 GC heap before
{Heap before GC invocations=1 (full 0):
 garbage-first heap   total 129024K, used 43732K [0x0000000082000000, 0x0000000100000000)
  region size 1024K, 41 young (41984K), 3 survivors (3072K)
 Metaspace       used 20960K, capacity 21118K, committed 21296K, reserved 1069056K
  class space    used 2257K, capacity 2345K, committed 2432K, reserved 1048576K
}
Event: 4.417 GC heap after
{Heap after GC invocations=2 (full 0):
 garbage-first heap   total 129024K, used 9335K [0x0000000082000000, 0x0000000100000000)
  region size 1024K, 7 young (7168K), 7 survivors (7168K)
 Metaspace       used 20960K, capacity 21118K, committed 21296K, reserved 1069056K
  class space    used 2257K, capacity 2345K, committed 2432K, reserved 1048576K
}

Deoptimization events (10 events):
Event: 3.236 Thread 0x000002c507676800 Uncommon trap: reason=unstable_if action=reinterpret pc=0x000002c5168149cc method=java.lang.String.startsWith(Ljava/lang/String;I)Z @ 14 c2
Event: 4.707 Thread 0x000002c507676800 Uncommon trap: reason=class_check action=maybe_recompile pc=0x000002c516828cc8 method=java.util.zip.ZipFile.getZipEntry(Ljava/lang/String;[BILjava/util/function/Function;)Ljava/util/zip/ZipEntry; @ 108 c2
Event: 4.868 Thread 0x000002c507676800 Uncommon trap: reason=unstable_if action=reinterpret pc=0x000002c516808014 method=java.lang.StringLatin1.canEncode(I)Z @ 4 c2
Event: 4.868 Thread 0x000002c507676800 Uncommon trap: reason=unstable_if action=reinterpret pc=0x000002c5168090fc method=java.lang.AbstractStringBuilder.isLatin1()Z @ 10 c2
Event: 4.868 Thread 0x000002c507676800 Uncommon trap: reason=unstable_if action=reinterpret pc=0x000002c516872658 method=java.lang.AbstractStringBuilder.isLatin1()Z @ 10 c2
Event: 5.036 Thread 0x000002c507676800 Uncommon trap: reason=unstable_if action=reinterpret pc=0x000002c516879a74 method=java.lang.StringUTF16.compress([CI[BII)I @ 20 c2
Event: 5.207 Thread 0x000002c507676800 Uncommon trap: reason=unstable_if action=reinterpret pc=0x000002c5167f2458 method=java.lang.String.isLatin1()Z @ 10 c2
Event: 5.208 Thread 0x000002c507676800 Uncommon trap: reason=class_check action=maybe_recompile pc=0x000002c51686ee84 method=java.util.zip.InflaterInputStream.read([BII)I @ 100 c2
Event: 5.237 Thread 0x000002c507676800 Uncommon trap: reason=intrinsic_or_type_checked_inlining action=make_not_entrant pc=0x000002c51688ead4 method=java.util.Arrays.copyOf([Ljava/lang/Object;ILjava/lang/Class;)[Ljava/lang/Object; @ 35 c2
Event: 5.319 Thread 0x000002c507676800 Uncommon trap: reason=unstable_if action=reinterpret pc=0x000002c516868748 method=java.lang.Integer.getChars(II[B)I @ 25 c2

Classes redefined (0 events):
No events

Internal exceptions (10 events):
Event: 5.234 Thread 0x000002c507676800 Exception <a 'java/lang/NoSuchMethodError'{0x0000000089281af8}: java.lang.invoke.DirectMethodHandle$Holder.invokeSpecial(Ljava/lang/Object;Ljava/lang/Object;IILjava/lang/Object;Ljava/lang/Object;Ljava/lang/Object;)Ljava/lang/Object;> (0x0000000089281af8) 
Event: 5.234 Thread 0x000002c507676800 Exception <a 'java/lang/NoSuchMethodError'{0x0000000089285328}: java.lang.invoke.DelegatingMethodHandle$Holder.reinvoke_L(Ljava/lang/Object;IILjava/lang/Object;Ljava/lang/Object;Ljava/lang/Object;)Ljava/lang/Object;> (0x0000000089285328) thrown at [./open
Event: 5.235 Thread 0x000002c507676800 Exception <a 'java/lang/NoSuchMethodError'{0x00000000892896b0}: java.lang.invoke.DirectMethodHandle$Holder.invokeStatic(Ljava/lang/Object;Ljava/lang/Object;Ljava/lang/Object;Ljava/lang/Object;I)Ljava/lang/Object;> (0x00000000892896b0) thrown at [./open/sr
Event: 5.318 Thread 0x000002c507676800 Exception <a 'sun/nio/fs/WindowsException'{0x00000000891cc378}> (0x00000000891cc378) thrown at [./open/src/hotspot/share/prims/jni.cpp, line 611]
Event: 5.318 Thread 0x000002c507676800 Exception <a 'sun/nio/fs/WindowsException'{0x00000000891ccbf0}> (0x00000000891ccbf0) thrown at [./open/src/hotspot/share/prims/jni.cpp, line 611]
Event: 5.318 Thread 0x000002c507676800 Exception <a 'sun/nio/fs/WindowsException'{0x00000000891cd478}> (0x00000000891cd478) thrown at [./open/src/hotspot/share/prims/jni.cpp, line 611]
Event: 5.318 Thread 0x000002c507676800 Exception <a 'sun/nio/fs/WindowsException'{0x00000000891cde70}> (0x00000000891cde70) thrown at [./open/src/hotspot/share/prims/jni.cpp, line 611]
Event: 5.319 Thread 0x000002c507676800 Exception <a 'sun/nio/fs/WindowsException'{0x00000000891ce778}> (0x00000000891ce778) thrown at [./open/src/hotspot/share/prims/jni.cpp, line 611]
Event: 5.319 Thread 0x000002c507676800 Exception <a 'sun/nio/fs/WindowsException'{0x00000000891cf0b0}> (0x00000000891cf0b0) thrown at [./open/src/hotspot/share/prims/jni.cpp, line 611]
Event: 5.321 Thread 0x000002c507676800 Exception <a 'java/lang/NoSuchMethodError'{0x00000000891d58c0}: java.lang.invoke.DirectMethodHandle$Holder.invokeStatic(Ljava/lang/Object;Ljava/lang/Object;Ljava/lang/Object;Ljava/lang/Object;)V> (0x00000000891d58c0) thrown at [./open/src/hotspot/share/in

Events (10 events):
Event: 5.579 loading class org/jetbrains/kotlin/com/intellij/psi/impl/source/PsiClassReferenceType
Event: 5.579 loading class org/jetbrains/kotlin/com/intellij/psi/impl/source/PsiClassReferenceType done
Event: 5.582 loading class org/jetbrains/kotlin/com/intellij/psi/PsiClassType$Stub
Event: 5.582 loading class org/jetbrains/kotlin/com/intellij/psi/PsiClassType$Stub done
Event: 5.588 loading class org/jetbrains/kotlin/com/intellij/psi/impl/source/PsiImmediateClassType
Event: 5.588 loading class org/jetbrains/kotlin/com/intellij/psi/impl/source/PsiImmediateClassType done
Event: 5.589 loading class org/jetbrains/kotlin/com/intellij/psi/PsiJavaCodeReferenceElement
Event: 5.589 loading class org/jetbrains/kotlin/com/intellij/psi/PsiJavaCodeReferenceElement done
Event: 5.589 loading class org/jetbrains/kotlin/com/intellij/psi/PsiJavaReference
Event: 5.589 loading class org/jetbrains/kotlin/com/intellij/psi/PsiJavaReference done


Dynamic libraries:
0x00007ff704e20000 - 0x00007ff704e2f000 	C:\Program Files\Java\jdk-11.0.16.1\bin\java.exe
0x00007ff8884f0000 - 0x00007ff8886e8000 	C:\Windows\SYSTEM32\ntdll.dll
0x00007ff887990000 - 0x00007ff887a4f000 	C:\Windows\System32\KERNEL32.DLL
0x00007ff886250000 - 0x00007ff886546000 	C:\Windows\System32\KERNELBASE.dll
0x00007ff885cd0000 - 0x00007ff885dd0000 	C:\Windows\System32\ucrtbase.dll
0x00007ff865e00000 - 0x00007ff865e18000 	C:\Program Files\Java\jdk-11.0.16.1\bin\jli.dll
0x00007ff886550000 - 0x00007ff8865ff000 	C:\Windows\System32\ADVAPI32.dll
0x00007ff8878f0000 - 0x00007ff88798e000 	C:\Windows\System32\msvcrt.dll
0x00007ff886810000 - 0x00007ff8868ac000 	C:\Windows\System32\sechost.dll
0x00007ff887a50000 - 0x00007ff887b76000 	C:\Windows\System32\RPCRT4.dll
0x00007ff887040000 - 0x00007ff8871dd000 	C:\Windows\System32\USER32.dll
0x00007ff886070000 - 0x00007ff886092000 	C:\Windows\System32\win32u.dll
0x00007ff86f390000 - 0x00007ff86f62a000 	C:\Windows\WinSxS\amd64_microsoft.windows.common-controls_6595b64144ccf1df_6.0.19041.1110_none_60b5254171f9507e\COMCTL32.dll
0x00007ff886b00000 - 0x00007ff886b2c000 	C:\Windows\System32\GDI32.dll
0x00007ff8860a0000 - 0x00007ff8861b5000 	C:\Windows\System32\gdi32full.dll
0x00007ff885e00000 - 0x00007ff885e9d000 	C:\Windows\System32\msvcp_win.dll
0x00007ff87deb0000 - 0x00007ff87deba000 	C:\Windows\SYSTEM32\VERSION.dll
0x00007ff856ad0000 - 0x00007ff856ae5000 	C:\Program Files\Java\jdk-11.0.16.1\bin\VCRUNTIME140.dll
0x00007ff886930000 - 0x00007ff886960000 	C:\Windows\System32\IMM32.DLL
0x00007ff831060000 - 0x00007ff8310fb000 	C:\Program Files\Java\jdk-11.0.16.1\bin\msvcp140.dll
0x00007ff818320000 - 0x00007ff818e38000 	C:\Program Files\Java\jdk-11.0.16.1\bin\server\jvm.dll
0x00007ff886670000 - 0x00007ff886678000 	C:\Windows\System32\PSAPI.DLL
0x00007ff87fd70000 - 0x00007ff87fd79000 	C:\Windows\SYSTEM32\WSOCK32.dll
0x00007ff886a90000 - 0x00007ff886afb000 	C:\Windows\System32\WS2_32.dll
0x00007ff86ff10000 - 0x00007ff86ff37000 	C:\Windows\SYSTEM32\WINMM.dll
0x00007ff8843e0000 - 0x00007ff8843f2000 	C:\Windows\SYSTEM32\kernel.appcore.dll
0x00007ff86d360000 - 0x00007ff86d370000 	C:\Program Files\Java\jdk-11.0.16.1\bin\verify.dll
0x00007ff883770000 - 0x00007ff883954000 	C:\Windows\SYSTEM32\DBGHELP.DLL
0x00007ff86a6f0000 - 0x00007ff86a724000 	C:\Windows\SYSTEM32\dbgcore.DLL
0x00007ff8861c0000 - 0x00007ff886242000 	C:\Windows\System32\bcryptPrimitives.dll
0x00007ff847cf0000 - 0x00007ff847d18000 	C:\Program Files\Java\jdk-11.0.16.1\bin\java.dll
0x00007ff86b510000 - 0x00007ff86b51a000 	C:\Program Files\Java\jdk-11.0.16.1\bin\jimage.dll
0x00007ff856910000 - 0x00007ff856926000 	C:\Program Files\Java\jdk-11.0.16.1\bin\zip.dll
0x00007ff887d60000 - 0x00007ff8884a4000 	C:\Windows\System32\SHELL32.dll
0x00007ff883c30000 - 0x00007ff8843c3000 	C:\Windows\SYSTEM32\windows.storage.dll
0x00007ff886b30000 - 0x00007ff886e84000 	C:\Windows\System32\combase.dll
0x00007ff885630000 - 0x00007ff88565e000 	C:\Windows\SYSTEM32\Wldp.dll
0x00007ff887b80000 - 0x00007ff887c2d000 	C:\Windows\System32\SHCORE.dll
0x00007ff887890000 - 0x00007ff8878e5000 	C:\Windows\System32\shlwapi.dll
0x00007ff885b10000 - 0x00007ff885b2f000 	C:\Windows\SYSTEM32\profapi.dll
0x00007ff855f80000 - 0x00007ff855f99000 	C:\Program Files\Java\jdk-11.0.16.1\bin\net.dll
0x00007ff87e760000 - 0x00007ff87e86a000 	C:\Windows\SYSTEM32\WINHTTP.dll
0x00007ff885340000 - 0x00007ff8853aa000 	C:\Windows\system32\mswsock.dll
0x00007ff854600000 - 0x00007ff854612000 	C:\Program Files\Java\jdk-11.0.16.1\bin\nio.dll

dbghelp: loaded successfully - version: 4.0.5 - missing functions: none
symbol engine: initialized successfully - sym options: 0x614 - pdb path: .;C:\Program Files\Java\jdk-11.0.16.1\bin;C:\Windows\SYSTEM32;C:\Windows\WinSxS\amd64_microsoft.windows.common-controls_6595b64144ccf1df_6.0.19041.1110_none_60b5254171f9507e;C:\Program Files\Java\jdk-11.0.16.1\bin\server

VM Arguments:
java_command: org.jetbrains.kotlin.cli.jvm.K2JVMCompiler @C:\workspacing\FPT_Polytechnic\FJob\node_modules\react-native-screens\android\build\20230602_4510602226312198451.compiler.options
java_class_path (initial): C:\Users\mhdkh\.gradle\caches\modules-2\files-2.1\org.jetbrains.kotlin\kotlin-compiler-embeddable\1.6.21\97bdd5a752ce73b58ef16c17bc7f0ea2faff7a2e\kotlin-compiler-embeddable-1.6.21.jar;C:\Users\mhdkh\.gradle\caches\modules-2\files-2.1\org.jetbrains.kotlin\kotlin-reflect\1.6.21\5dc3574d9b7bebfcb4ec6b10ada4aaa9e140bd0b\kotlin-reflect-1.6.21.jar;C:\Users\mhdkh\.gradle\caches\modules-2\files-2.1\org.jetbrains.kotlin\kotlin-stdlib\1.6.21\11ef67f1900634fd951bad28c53ec957fabbe5b8\kotlin-stdlib-1.6.21.jar;C:\Users\mhdkh\.gradle\caches\modules-2\files-2.1\org.jetbrains.kotlin\kotlin-script-runtime\1.6.21\99c6675100da5d6d5b1c5a1032f27f28008d101b\kotlin-script-runtime-1.6.21.jar;C:\Users\mhdkh\.gradle\caches\modules-2\files-2.1\org.jetbrains.kotlin\kotlin-daemon-embeddable\1.6.21\46b78cf392e1c4f10854c3cadba44abb7b82250f\kotlin-daemon-embeddable-1.6.21.jar;C:\Users\mhdkh\.gradle\caches\modules-2\files-2.1\org.jetbrains.intellij.deps\trove4j\1.0.20200330\3afb14d5f9ceb459d724e907a21145e8ff394f02\trove4j-1.0.20200330.jar;C:\Users\mhdkh\.gradle\caches\modules-2\files-2.1\net.java.dev.jna\jna\5.6.0\330f2244e9030119ab3030fc3fededc86713d9cc\jna-5.6.0.jar;C:\Users\mhdkh\.gradle\caches\modules-2\files-2.1\org.jetbrains.kotlin\kotlin-stdlib-common\1.6.21\5e5b55c26dbc80372a920aef60eb774b714559b8\kotlin-stdlib-common-1.6.21.jar;C:\Users\mhdkh\.gradle\caches\modules-2\files-2.1\org.jetbrains\annotations\13.0\919f0dfe192fb4e063e7dacadee7f8bb9a2672a9\annotations-13.0.jar
Launcher Type: SUN_STANDARD

[Global flags]
     intx CICompilerCount                          = 4                                         {product} {ergonomic}
     uint ConcGCThreads                            = 2                                         {product} {ergonomic}
     uint G1ConcRefinementThreads                  = 8                                         {product} {ergonomic}
   size_t G1HeapRegionSize                         = 1048576                                   {product} {ergonomic}
    uintx GCDrainStackTargetSize                   = 64                                        {product} {ergonomic}
   size_t InitialHeapSize                          = 132120576                                 {product} {ergonomic}
   size_t MarkStackSize                            = 4194304                                   {product} {ergonomic}
   size_t MaxHeapSize                              = 2113929216                                {product} {ergonomic}
   size_t MaxNewSize                               = 1267728384                                {product} {ergonomic}
   size_t MinHeapDeltaBytes                        = 1048576                                   {product} {ergonomic}
    uintx NonNMethodCodeHeapSize                   = 5836300                                {pd product} {ergonomic}
    uintx NonProfiledCodeHeapSize                  = 122910970                              {pd product} {ergonomic}
    uintx ProfiledCodeHeapSize                     = 122910970                              {pd product} {ergonomic}
    uintx ReservedCodeCacheSize                    = 251658240                              {pd product} {ergonomic}
     bool SegmentedCodeCache                       = true                                      {product} {ergonomic}
     bool UseCompressedClassPointers               = true                                 {lp64_product} {ergonomic}
     bool UseCompressedOops                        = true                                 {lp64_product} {ergonomic}
     bool UseG1GC                                  = true                                      {product} {ergonomic}
     bool UseLargePagesIndividualAllocation        = false                                  {pd product} {ergonomic}

Logging:
Log output configuration:
 #0: stdout all=warning uptime,level,tags
 #1: stderr all=off uptime,level,tags

Environment Variables:
CLASSPATH=C:\workspacing\FPT_Polytechnic\FJob\android\\gradle\wrapper\gradle-wrapper.jar
PATH=C:\workspacing\FPT_Polytechnic\FJob\android\node_modules\.bin;C:\workspacing\FPT_Polytechnic\FJob\node_modules\.bin;C:\workspacing\FPT_Polytechnic\node_modules\.bin;C:\workspacing\node_modules\.bin;C:\node_modules\.bin;C:\Program Files\nodejs;C:\workspacing\FPT_Polytechnic\FJob\node_modules\.bin;C:\workspacing\FPT_Polytechnic\FJob\node_modules\.bin;C:\workspacing\FPT_Polytechnic\node_modules\.bin;C:\workspacing\node_modules\.bin;C:\node_modules\.bin;C:\Program Files\nodejs\node_modules\npm\node_modules\@npmcli\run-script\lib\node-gyp-bin;C:\workspacing\FPT_Polytechnic\FJob\node_modules\.bin;C:\workspacing\FPT_Polytechnic\node_modules\.bin;C:\workspacing\node_modules\.bin;C:\node_modules\.bin;C:\Program Files\nodejs;C:\Users\mhdkh\AppData\Local\Temp\yarn--1685643313622-0.2867650755079172;C:\workspacing\FPT_Polytechnic\FJob\node_modules\.bin;C:\Users\mhdkh\AppData\Local\Yarn\Data\link\node_modules\.bin;C:\Users\mhdkh\AppData\Local\Yarn\bin;C:\Program Files\libexec\lib\node_modules\npm\bin\node-gyp-bin;C:\Program Files\lib\node_modules\npm\bin\node-gyp-bin;C:\Program Files\nodejs\node_modules\npm\bin\node-gyp-bin;C:\Python311\Scripts\;C:\Python311\;C:\Program Files\Common Files\Oracle\Java\javapath;C:\Windows\system32;C:\Windows;C:\Windows\System32\Wbem;C:\Windows\System32\WindowsPowerShell\v1.0\;C:\Windows\System32\OpenSSH\;C:\Program Files (x86)\NVIDIA Corporation\PhysX\Common;C:\Program Files\NVIDIA Corporation\NVIDIA NvDLISR;C:\Java\bin\;C:\Program Files\Microsoft SQL Server\150\Tools\Binn\;C:\Program Files\Microsoft SQL Server\Client SDK\ODBC\170\Tools\Binn\;C:\Program Files\dotnet\;C:\Program Files\Java\jdk11\bin;C:\jdk11;org.gradle.java.home=C:\Program Files\Java\jdk1.8.0_91;C:\ProgramData\chocolatey\bin;C:\Program Files\Git\cmd;C:\Program Files\MongoDB\Server\6.0\bin;;C:\Program Files\nodejs\;C:\Program Files\Docker\Docker\resources\bin;C:\Users\mhdkh\AppData\Local\pnpm;C:\Users\mhdkh\AppData\Local\Programs\Python\Python310\Scripts\;C:\Users\mhdkh\AppData\Loc
USERNAME=mhdkh
OS=Windows_NT
PROCESSOR_IDENTIFIER=Intel64 Family 6 Model 165 Stepping 2, GenuineIntel



---------------  S Y S T E M  ---------------

OS: Windows 10 , 64 bit Build 19041 (10.0.19041.2913)
Hyper-V role detected

CPU:total 8 (initial active 8) (4 cores per cpu, 2 threads per core) family 6 model 165 stepping 2 microcode 0xf4, cmov, cx8, fxsr, mmx, sse, sse2, sse3, ssse3, sse4.1, sse4.2, popcnt, avx, avx2, aes, clmul, erms, 3dnowpref, lzcnt, ht, tsc, tscinvbit, bmi1, bmi2, adx, fma

Memory: 4k page, system-wide physical 8059M (206M free)
TotalPageFile size 24059M (AvailPageFile size 1M)
current process WorkingSet (physical memory assigned to process): 137M, peak: 137M
current process commit charge ("private bytes"): 253M, peak: 254M

vm_info: Java HotSpot(TM) 64-Bit Server VM (11.0.16.1+1-LTS-1) for windows-amd64 JRE (11.0.16.1+1-LTS-1), built on Aug 16 2022 01:46:01 by "mach5one" with MS VC++ 15.9 (VS2017)

END.
